talleres-admin/src-tauri/gen/android/app/proguard-tauri.pro
# THIS IS AN AUTOGENERATED FILE. DO NOT EDIT THIS FILE DIRECTLY.

-keep class com.talleresentrique.admin.TauriActivity {
  public app.tauri.plugin.PluginManager getPluginManager();
}