talleres-admin/src-tauri/gen/android/app/build/outputs/mapping/universalRelease/seeds.txt
com.talleresentrique.admin.R$drawable
com.talleresentrique.admin.RustWebChromeClient$ActivityResultListener
com.talleresentrique.admin.TauriLifecycleObserver
com.talleresentrique.admin.Logger$Companion
com.talleresentrique.admin.BuildConfig
com.talleresentrique.admin.MainActivity
com.talleresentrique.admin.R$color
com.talleresentrique.admin.Rust
com.talleresentrique.admin.RustWebChromeClient$showFilePicker$1
com.talleresentrique.admin.RustWebViewClient
com.talleresentrique.admin.R$style
com.talleresentrique.admin.TauriActivity
com.talleresentrique.admin.WryActivityKt
com.talleresentrique.admin.WryLifecycleObserver
com.talleresentrique.admin.RustWebChromeClient
com.talleresentrique.admin.RustWebChromeClient$PermissionListener
com.talleresentrique.admin.R
com.talleresentrique.admin.R$layout
com.talleresentrique.admin.RustWebChromeClient$onPermissionRequest$1
com.talleresentrique.admin.RustWebChromeClient$showVideoCapturePicker$1
com.talleresentrique.admin.WryActivity
com.talleresentrique.admin.RustWebChromeClient$onShowFileChooser$1
com.talleresentrique.admin.Logger
com.talleresentrique.admin.RustWebChromeClient$showImageCapturePicker$1
com.talleresentrique.admin.PermissionHelper
com.talleresentrique.admin.WryActivity$setWebView$callback$1
com.talleresentrique.admin.R$mipmap
com.talleresentrique.admin.Ipc
com.talleresentrique.admin.R$xml
com.talleresentrique.admin.R$string
com.talleresentrique.admin.RustWebChromeClient$onGeolocationPermissionsShowPrompt$1
com.talleresentrique.admin.RustWebView
com.talleresentrique.admin.Rust: void resume()
com.talleresentrique.admin.Rust: void create()
com.talleresentrique.admin.RustWebViewClient: RustWebViewClient(com.talleresentrique.admin.RustWebView,android.content.Context)
com.talleresentrique.admin.WryActivity: java.lang.Class getAppClass(java.lang.String)
com.talleresentrique.admin.RustWebView: void loadHTMLMainThread(java.lang.String)
com.talleresentrique.admin.Rust: void onPageLoaded(java.lang.String,java.lang.String)
com.talleresentrique.admin.Rust: void onActivityCreate(com.talleresentrique.admin.WryActivity)
com.talleresentrique.admin.RustWebView: RustWebView(android.content.Context,java.lang.String[],java.lang.String)
com.talleresentrique.admin.Rust: java.lang.String assetLoaderDomain(java.lang.String)
com.talleresentrique.admin.RustWebChromeClient: RustWebChromeClient(com.talleresentrique.admin.WryActivity)
com.talleresentrique.admin.Rust: void pause()
com.talleresentrique.admin.Rust: void onWindowFocusChanged(com.talleresentrique.admin.WryActivity,boolean)
com.talleresentrique.admin.RustWebView: java.lang.String getId()
com.talleresentrique.admin.Rust: void onPageLoading(java.lang.String,java.lang.String)
com.talleresentrique.admin.Rust: void stop()
com.talleresentrique.admin.Rust: void onActivityDestroy(com.talleresentrique.admin.WryActivity)
com.talleresentrique.admin.Rust: boolean shouldOverride(java.lang.String,java.lang.String)
com.talleresentrique.admin.Ipc: Ipc(com.talleresentrique.admin.RustWebView,com.talleresentrique.admin.RustWebViewClient)
com.talleresentrique.admin.WryActivity: WryActivity()
com.talleresentrique.admin.WryActivity: void setWebView(com.talleresentrique.admin.RustWebView)
com.talleresentrique.admin.WryActivity: int startActivity(java.lang.Class)
com.talleresentrique.admin.Rust: android.webkit.WebResourceResponse handleRequest(java.lang.String,android.webkit.WebResourceRequest,boolean)
com.talleresentrique.admin.Rust: void onWebviewDestroy(com.talleresentrique.admin.WryActivity,java.lang.String)
com.talleresentrique.admin.WryActivity: int getId()
com.talleresentrique.admin.Rust: void handleReceivedTitle(java.lang.String,java.lang.String)
com.talleresentrique.admin.Rust: void ipc(java.lang.String,java.lang.String,java.lang.String)
com.talleresentrique.admin.RustWebView: void loadUrlMainThread(java.lang.String)
com.talleresentrique.admin.RustWebView: void evalScript(int,java.lang.String)
...
androidx.core.view.ViewCompat$Api21Impl: boolean dispatchNestedPreFling(android.view.View,float,float)
com.fasterxml.jackson.databind.deser.std.MapDeserializer: void setIgnorableProperties(java.util.Set)
com.fasterxml.jackson.databind.ser.impl.IndexedListSerializer: void serializeContents(java.lang.Object,com.fasterxml.jackson.core.JsonGenerator,com.fasterxml.jackson.databind.SerializerProvider)
com.google.android.material.button.MaterialButtonToggleGroup: java.util.List getCheckedButtonIds()
com.fasterxml.jackson.databind.ser.std.MapSerializer: com.fasterxml.jackson.databind.JavaType getContentType()
com.fasterxml.jackson.databind.deser.std.PrimitiveArrayDeserializers$ByteDeser: byte[] handleSingleElementUnwrapped(com.fasterxml.jackson.core.JsonParser,com.fasterxml.jackson.databind.DeserializationContext)
com.fasterxml.jackson.databind.ser.std.FileSerializer: void serialize(java.lang.Object,com.fasterxml.jackson.core.JsonGenerator,com.fasterxml.jackson.databind.SerializerProvider)
com.fasterxml.jackson.databind.ser.std.MapSerializer: void serialize(java.lang.Object,com.fasterxml.jackson.core.JsonGenerator,com.fasterxml.jackson.databind.SerializerProvider)
com.fasterxml.jackson.databind.deser.impl.BeanAsArrayDeserializer: java.lang.Object deserializeFromObject(com.fasterxml.jackson.core.JsonParser,com.fasterxml.jackson.databind.DeserializationContext)
com.fasterxml.jackson.databind.deser.std.PrimitiveArrayDeserializers$DoubleDeser: java.lang.Object handleSingleElementUnwrapped(com.fasterxml.jackson.core.JsonParser,com.fasterxml.jackson.databind.DeserializationContext)
com.fasterxml.jackson.databind.ser.impl.IteratorSerializer: void serialize(java.lang.Object,com.fasterxml.jackson.core.JsonGenerator,com.fasterxml.jackson.databind.SerializerProvider)
com.fasterxml.jackson.databind.ext.CoreXMLSerializers$XMLGregorianCalendarSerializer: com.fasterxml.jackson.databind.JsonSerializer getDelegatee()
com.fasterxml.jackson.databind.deser.std.PrimitiveArrayDeserializers$FloatDeser: PrimitiveArrayDeserializers$FloatDeser()
com.fasterxml.jackson.databind.deser.std.AtomicReferenceDeserializer: com.fasterxml.jackson.databind.deser.std.ReferenceTypeDeserializer withResolved(com.fasterxml.jackson.databind.jsontype.TypeDeserializer,com.fasterxml.jackson.databind.JsonDeserializer)
com.fasterxml.jackson.databind.ext.CoreXMLSerializers$XMLGregorianCalendarSerializer: CoreXMLSerializers$XMLGregorianCalendarSerializer(com.fasterxml.jackson.databind.JsonSerializer)
com.fasterxml.jackson.databind.ser.impl.StringCollectionSerializer: void serialize(java.util.Collection,com.fasterxml.jackson.core.JsonGenerator,com.fasterxml.jackson.databind.SerializerProvider)
com.fasterxml.jackson.databind.ser.std.StdKeySerializer: void serialize(java.lang.Object,com.fasterxml.jackson.core.JsonGenerator,com.fasterxml.jackson.databind.SerializerProvider)
androidx.appcompat.widget.ActionBarOverlayLayout: java.lang.CharSequence getTitle()
androidx.core.app.ActivityCompat$Api23Impl: void requestPermissions(android.app.Activity,java.lang.String[],int)
com.fasterxml.jackson.databind.ext.DOMSerializer: void acceptJsonFormatVisitor(com.fasterxml.jackson.databind.jsonFormatVisitors.JsonFormatVisitorWrapper,com.fasterxml.jackson.databind.JavaType)
app.tauri.PathPlugin: void getConfigDir(app.tauri.plugin.Invoke)
androidx.core.view.WindowInsetsCompat$Impl28: androidx.core.view.WindowInsetsCompat consumeDisplayCutout()
com.fasterxml.jackson.databind.deser.std.UUIDDeserializer: java.lang.Object getEmptyValue(com.fasterxml.jackson.databind.DeserializationContext)
com.fasterxml.jackson.databind.deser.std.PrimitiveArrayDeserializers$ByteDeser: java.lang.Object deserialize(com.fasterxml.jackson.core.JsonParser,com.fasterxml.jackson.databind.DeserializationContext)