talleres-admin/src-tauri/gen/android/app/build/outputs/mapping/universalRelease/mapping.txt
# compiler: R8
# compiler_version: 8.11.18
# min_api: 24
# common_typos_disable
# {"id":"com.android.tools.r8.mapping","version":"2.2"}
# pg_map_id: 2d6394d
# pg_map_hash: SHA-256 2d6394dbd0f2f50d62c0f4b09187be0968e679a9d968654c759df23cd9895d4b
com.talleresentrique.admin.BuildConfig -> com.talleresentrique.admin.BuildConfig:
# {"id":"sourceFile","fileName":"BuildConfig.java"}
com.talleresentrique.admin.Ipc -> com.talleresentrique.admin.Ipc:
# {"id":"sourceFile","fileName":"Ipc.kt"}
    com.talleresentrique.admin.RustWebView webView -> a
    com.talleresentrique.admin.RustWebViewClient webViewClient -> b
    11:18:void <init>(com.talleresentrique.admin.RustWebView,com.talleresentrique.admin.RustWebViewClient):13:13 -> <init>
    3:10:void postMessage(java.lang.String):20:20 -> postMessage
    11:12:java.lang.String com.talleresentrique.admin.RustWebViewClient.getCurrentUrl():19:19 -> postMessage
    11:12:void postMessage(java.lang.String):20 -> postMessage
      # {"id":"com.android.tools.r8.rewriteFrame","conditions":["throws(Ljava/lang/NullPointerException;)"],"actions":["removeInnerFrames(1)"]}
    13:16:void postMessage(java.lang.String):20:20 -> postMessage
com.talleresentrique.admin.Logger -> com.talleresentrique.admin.Logger:
# {"id":"sourceFile","fileName":"Logger.kt"}
com.talleresentrique.admin.Logger$Companion -> com.talleresentrique.admin.Logger$Companion:
# {"id":"sourceFile","fileName":"Logger.kt"}
    1:3:java.lang.String tags(java.lang.String[]):21:21 -> a
    4:6:java.lang.String tags(java.lang.String[]):23:23 -> a
    7:27:java.lang.String tags(java.lang.String[]):22:22 -> a
com.talleresentrique.admin.MainActivity -> com.talleresentrique.admin.MainActivity:
# {"id":"sourceFile","fileName":"MainActivity.kt"}
    1:4:void com.talleresentrique.admin.TauriActivity.<init>():34:34 -> <init>
    1:4:void <init>():6 -> <init>
    1:2:void onCreate(android.os.Bundle):8:8 -> onCreate
    3:10:androidx.activity.SystemBarStyle androidx.activity.SystemBarStyle$Companion.auto(int,int,kotlin.jvm.functions.Function1):147:147 -> onCreate
    3:10:androidx.activity.SystemBarStyle androidx.activity.SystemBarStyle$Companion.auto$default(androidx.activity.SystemBarStyle$Companion,int,int,kotlin.jvm.functions.Function1,int,java.lang.Object):139 -> onCreate
    3:10:void androidx.activity.EdgeToEdge.enable$default(androidx.activity.ComponentActivity,androidx.activity.SystemBarStyle,androidx.activity.SystemBarStyle,int,java.lang.Object):70 -> onCreate
    3:10:void onCreate(android.os.Bundle):8 -> onCreate
    11:15:void androidx.activity.EdgeToEdge.enable$default(androidx.activity.ComponentActivity,androidx.activity.SystemBarStyle,androidx.activity.SystemBarStyle,int,java.lang.Object):71:71 -> onCreate
    11:15:void onCreate(android.os.Bundle):8 -> onCreate
    16:20:androidx.activity.SystemBarStyle androidx.activity.SystemBarStyle$Companion.auto(int,int,kotlin.jvm.functions.Function1):147:147 -> onCreate
com.talleresentrique.admin.PermissionHelper -> com.talleresentrique.admin.PermissionHelper:
# {"id":"sourceFile","fileName":"PermissionHelper.kt"}
    1:7:boolean hasPermissions(android.content.Context,java.lang.String[]):25:25 -> a
    8:10:boolean hasPermissions(android.content.Context,java.lang.String[]):27:27 -> a
    11:22:boolean hasPermissions(android.content.Context,java.lang.String[]):26:26 -> a
com.talleresentrique.admin.Rust -> com.talleresentrique.admin.Rust:
# {"id":"sourceFile","fileName":"Rust.kt"}
    1:6:void <clinit>():18:18 -> <clinit>
...
androidx.appcompat.app.TwilightCalculator -> g.G:
# {"id":"sourceFile","fileName":"TwilightCalculator.java"}
    long sunset -> a
    long sunrise -> b
    int state -> c
    androidx.appcompat.app.TwilightCalculator sInstance -> d
      # {"id":"com.android.tools.r8.residualsignature","signature":"Lg/G;"}
    27:36:void calculateTwilight(long,double,double):95:95 -> a
    37:89:void calculateTwilight(long,double,double):96:96 -> a
    90:102:void calculateTwilight(long,double,double):103:103 -> a
    103:111:void calculateTwilight(long,double,double):104:104 -> a
    112:122:void calculateTwilight(long,double,double):105:105 -> a
    123:152:void calculateTwilight(long,double,double):108:108 -> a
    153:160:void calculateTwilight(long,double,double):112:112 -> a
    161:185:void calculateTwilight(long,double,double):113:113 -> a
    186:187:void calculateTwilight(long,double,double):117:117 -> a
    188:189:void calculateTwilight(long,double,double):118:118 -> a
    190:199:void calculateTwilight(long,double,double):119:119 -> a
    200:201:void calculateTwilight(long,double,double):122:122 -> a
    202:203:void calculateTwilight(long,double,double):123:123 -> a
    204:206:void calculateTwilight(long,double,double):124:124 -> a
    207:226:void calculateTwilight(long,double,double):128:128 -> a
    227:235:void calculateTwilight(long,double,double):130:130 -> a
    236:246:void calculateTwilight(long,double,double):131:131 -> a
androidx.appcompat.app.TwilightManager$TwilightState -> g.H:
# {"id":"sourceFile","fileName":"TwilightManager.java"}
    boolean isNight -> a
    long nextUpdate -> b
androidx.appcompat.app.WindowDecorActionBar -> g.K:
# {"id":"sourceFile","fileName":"WindowDecorActionBar.java"}
    android.content.Context mContext -> a
    android.content.Context mThemedContext -> b
    androidx.appcompat.widget.ActionBarOverlayLayout mOverlayLayout -> c
    androidx.appcompat.widget.ActionBarContainer mContainerView -> d
    androidx.appcompat.widget.DecorToolbar mDecorToolbar -> e
      # {"id":"com.android.tools.r8.residualsignature","signature":"Ll/k0;"}
    androidx.appcompat.widget.ActionBarContextView mContextView -> f
    android.view.View mContentView -> g
    boolean mDisplayHomeAsUpSet -> h
    androidx.appcompat.app.WindowDecorActionBar$ActionModeImpl mActionMode -> i
      # {"id":"com.android.tools.r8.residualsignature","signature":"Lg/J;"}
    androidx.appcompat.view.ActionMode mDeferredDestroyActionMode -> j
      # {"id":"com.android.tools.r8.residualsignature","signature":"Lg/J;"}
    androidx.appcompat.view.ActionMode$Callback mDeferredModeDestroyCallback -> k
      # {"id":"com.android.tools.r8.residualsignature","signature":"LA/j;"}
    boolean mLastMenuVisibility -> l
    java.util.ArrayList mMenuVisibilityListeners -> m
    int mCurWindowVisibility -> n
    boolean mContentAnimations -> o
    boolean mHiddenBySystem -> p
    boolean mShowingForMode -> q
    boolean mNowShowing -> r
    androidx.appcompat.view.ViewPropertyAnimatorCompatSet mCurrentShowAnim -> s