talleres-admin/src-tauri/gen/android/app/build/outputs/mapping/universalRelease/usage.txt
com.talleresentrique.admin.BuildConfig:
    public static final java.lang.String APPLICATION_ID
    public static final java.lang.String BUILD_TYPE
    public static final boolean DEBUG
    public static final java.lang.String FLAVOR
    public static final int VERSION_CODE
    public static final java.lang.String VERSION_NAME
    public void <init>()
com.talleresentrique.admin.Ipc:
    public final com.talleresentrique.admin.RustWebView getWebView()
    public final com.talleresentrique.admin.RustWebViewClient getWebViewClient()
com.talleresentrique.admin.Logger$Companion:
    public final void error(java.lang.String,java.lang.Throwable)
    public final void info(java.lang.String)
    public final void verbose(java.lang.String)
    private final void verbose(java.lang.String,java.lang.String)
com.talleresentrique.admin.Logger:
    private static final java.lang.String LOG_TAG_CORE
    public void <init>()
com.talleresentrique.admin.PermissionHelper:
    public final java.lang.String[] getUndefinedPermissions(android.content.Context,java.lang.String[])
    public final boolean hasDefinedPermissions(android.content.Context,java.lang.String[])
com.talleresentrique.admin.R$color:
    public static final int black
    public static final int purple_200
    public static final int purple_500
    public static final int purple_700
    public static final int teal_200
    public static final int teal_700
    public static final int white
    private void <init>()
com.talleresentrique.admin.R$drawable:
    public static final int ic_launcher_background
    public static final int ic_launcher_foreground
    private void <init>()
com.talleresentrique.admin.R$layout:
    public static final int activity_main
    private void <init>()
com.talleresentrique.admin.R$mipmap:
    public static final int ic_launcher
    public static final int ic_launcher_foreground
    public static final int ic_launcher_round
    private void <init>()
com.talleresentrique.admin.R$string:
    public static final int app_name
    public static final int main_activity_title
    private void <init>()
com.talleresentrique.admin.R$style:
    public static final int Theme_talleres_admin
    private void <init>()
com.talleresentrique.admin.R$xml:
    public static final int file_paths
    private void <init>()
com.talleresentrique.admin.R:
    private void <init>()
com.talleresentrique.admin.RustWebView:
    public final void clearAllBrowsingData()
    public final java.lang.String getCookies(java.lang.String)
com.talleresentrique.admin.RustWebViewClient:
    public final void setCurrentUrl(java.lang.String)
com.talleresentrique.admin.WryActivity:
    public final void setId(int)
com.talleresentrique.admin.Logger$Companion:
    public static void debug(java.lang.String)
    public static void debug(java.lang.String,java.lang.String)
    public static void error()
    public static void error(java.lang.String,java.lang.String)
    public static void info()
    public static boolean shouldLog()
    public static void warn(java.lang.String)
    public static void warn(java.lang.String,java.lang.String)
com.talleresentrique.admin.Logger:
    public static final com.talleresentrique.admin.Logger$Companion Companion
    static void <clinit>()
com.talleresentrique.admin.PermissionHelper:
    public static final com.talleresentrique.admin.PermissionHelper INSTANCE
    static void <clinit>()
    public static boolean hasDefinedPermission()
com.talleresentrique.admin.Rust:
    public static final com.talleresentrique.admin.Rust INSTANCE
com.talleresentrique.admin.RustWebView:
    public static boolean isDocumentStartScriptEnabled()
com.talleresentrique.admin.RustWebViewClient:
    public static java.lang.String getCurrentUrl()
com.talleresentrique.admin.TauriActivity:
    public final boolean handleBackNavigation
com.talleresentrique.admin.TauriLifecycleObserver:
    public static final com.talleresentrique.admin.TauriLifecycleObserver INSTANCE
    static void <clinit>()
...
com.fasterxml.jackson.databind.KeyDeserializer$None:
    public void <init>()
com.fasterxml.jackson.databind.MapperFeature:
    public boolean enabledIn(int)
com.fasterxml.jackson.databind.MappingIterator
com.fasterxml.jackson.databind.MappingJsonFactory:
    private static final long serialVersionUID
    public void <init>()
    public void <init>(com.fasterxml.jackson.core.JsonFactory,com.fasterxml.jackson.databind.ObjectMapper)
    public com.fasterxml.jackson.core.JsonFactory copy()
    public java.lang.String getFormatName()
    public com.fasterxml.jackson.core.format.MatchStrength hasFormat(com.fasterxml.jackson.core.format.InputAccessor)
com.fasterxml.jackson.databind.Module$SetupContext:
    public abstract void addDeserializationProblemHandler(com.fasterxml.jackson.databind.deser.DeserializationProblemHandler)
    public abstract void addTypeModifier(com.fasterxml.jackson.databind.type.TypeModifier)
    public abstract void appendAnnotationIntrospector(com.fasterxml.jackson.databind.AnnotationIntrospector)
    public abstract com.fasterxml.jackson.databind.cfg.MutableConfigOverride configOverride(java.lang.Class)
    public abstract com.fasterxml.jackson.core.Version getMapperVersion()
    public abstract com.fasterxml.jackson.core.ObjectCodec getOwner()
    public abstract com.fasterxml.jackson.databind.type.TypeFactory getTypeFactory()
    public abstract void insertAnnotationIntrospector(com.fasterxml.jackson.databind.AnnotationIntrospector)
    public abstract boolean isEnabled(com.fasterxml.jackson.core.JsonFactory$Feature)
    public abstract boolean isEnabled(com.fasterxml.jackson.core.JsonGenerator$Feature)
    public abstract boolean isEnabled(com.fasterxml.jackson.core.JsonParser$Feature)
    public abstract boolean isEnabled(com.fasterxml.jackson.databind.DeserializationFeature)
    public abstract boolean isEnabled(com.fasterxml.jackson.databind.MapperFeature)
    public abstract boolean isEnabled(com.fasterxml.jackson.databind.SerializationFeature)
    public abstract void registerSubtypes(java.util.Collection)
    public varargs abstract void registerSubtypes(java.lang.Class[])
com.fasterxml.jackson.databind.ObjectMapper$1:
    public void addDeserializationProblemHandler(com.fasterxml.jackson.databind.deser.DeserializationProblemHandler)
    public void addTypeModifier(com.fasterxml.jackson.databind.type.TypeModifier)
    public void appendAnnotationIntrospector(com.fasterxml.jackson.databind.AnnotationIntrospector)
    public com.fasterxml.jackson.databind.cfg.MutableConfigOverride configOverride(java.lang.Class)
    public com.fasterxml.jackson.core.Version getMapperVersion()
    public com.fasterxml.jackson.core.ObjectCodec getOwner()
    public com.fasterxml.jackson.databind.type.TypeFactory getTypeFactory()
    public void insertAnnotationIntrospector(com.fasterxml.jackson.databind.AnnotationIntrospector)
    public boolean isEnabled(com.fasterxml.jackson.core.JsonFactory$Feature)
    public boolean isEnabled(com.fasterxml.jackson.core.JsonGenerator$Feature)
    public boolean isEnabled(com.fasterxml.jackson.core.JsonParser$Feature)
    public boolean isEnabled(com.fasterxml.jackson.databind.DeserializationFeature)
    public boolean isEnabled(com.fasterxml.jackson.databind.MapperFeature)
    public boolean isEnabled(com.fasterxml.jackson.databind.SerializationFeature)
    public void registerSubtypes(java.util.Collection)
    public varargs void registerSubtypes(java.lang.Class[])
    public void setClassIntrospector(com.fasterxml.jackson.databind.introspect.ClassIntrospector)
com.fasterxml.jackson.databind.ObjectMapper$2
com.fasterxml.jackson.databind.ObjectMapper$3
com.fasterxml.jackson.databind.ObjectMapper$DefaultTypeResolverBuilder
com.fasterxml.jackson.databind.ObjectMapper$DefaultTyping